Change Component Designator: Old Designator=*1 New Designator=*?
Change Component Designator: Old Designator=*2 New Designator=*?
Change Component Designator: Old Designator=*3 New Designator=*?
Change Component Designator: Old Designator=B1 New Designator=B?
Change Component Designator: Old Designator=B2 New Designator=B?
Change Component Designator: Old Designator=B3 New Designator=B?
Change Component Designator: Old Designator=C1 New Designator=C?
Change Component Designator: Old Designator=C2 New Designator=C?
Change Component Designator: Old Designator=C3 New Designator=C?
Change Component Designator: Old Designator=C4 New Designator=C?
Change Component Designator: Old Designator=C5 New Designator=C?
Change Component Designator: Old Designator=C6 New Designator=C?
Change Component Designator: Old Designator=QMC1 New Designator=QMC?
Change Component Designator: Old Designator=R1 New Designator=R?
Change Component Designator: Old Designator=R3 New Designator=R?
Change Component Designator: Old Designator=R4 New Designator=R?
Change Component Designator: Old Designator=R6 New Designator=R?
Change Component Designator: Old Designator=S1 New Designator=S?
Change Component Designator: Old Designator=U1 New Designator=U?
Change Component Designator: Old Designator=U2 New Designator=U?
Change Component Designator: Old Designator=U3 New Designator=U?
